<?xml version="1.0" encoding="utf-8" ?>
<!DOCTYPE html PUBLIC "-//W3C//DTD XHTML 1.0 Strict//EN"
        "http://www.w3.org/TR/xhtml1/DTD/xhtml1-strict.dtd">
<html xmlns="http://www.w3.org/1999/xhtml" xml:lang="" lang="">
<head>
  <title>Test Results Report - Login Test</title>
  <meta http-equiv="Content-Type" content="text/html;charset=utf-8" />
  <meta name="description" content="TestNG unit test results." />
  <link href="reportng.css" rel="stylesheet" type="text/css" />
    <script type="text/javascript" src="reportng.js"></script>
</head>
<body>
<h1>Login Test</h1>
<p>
  Test duration: 32.097s
</p>



  <table class="resultsTable">
    <tr><th colspan="3" class="header failed">Failed Tests</th></tr>
          <tr>
        <td colspan="3" class="group">com.orangehrmlive.demo.testSuite.LoginTest</td>
      </tr>
            
<tr>
  <td class="method">
                  VerifyThatTheLogoDisplayOnHomePage
      </td>
  <td class="duration">
    2.998s
  </td>
  <td class="result">
        
    
            <div class="testOutput">
                         Enter User nameAdminto the Username[[ChromeDriver: chrome on WINDOWS (1311964350d7aa0a25f6134606761091)] -&gt; xpath: //input[@id=&apos;txtUsername&apos;]]&lt;br&gt;<br />
                                 Enter passwordadmin123to the password[[ChromeDriver: chrome on WINDOWS (1311964350d7aa0a25f6134606761091)] -&gt; xpath: //input[@id=&apos;txtPassword&apos;]]&lt;br&gt;<br />
                                 Click on Login Tab[[ChromeDriver: chrome on WINDOWS (1311964350d7aa0a25f6134606761091)] -&gt; xpath: //input[@id=&apos;btnLogin&apos;]]&lt;br&gt;<br />
                  </div>
    

        <a href="javascript:toggleElement('exception-0', 'block')" title="Click to expand/collapse"><b>java.lang.AssertionError: The following asserts failed:<br/>
	expected [] but found [OrangeHRM]</b></a><br />
    <div class="stackTrace" id="exception-0">
              org.testng.asserts.SoftAssert.assertAll(SoftAssert.java:43)<br />
              com.orangehrmlive.demo.testSuite.LoginTest.VerifyThatTheLogoDisplayOnHomePage(LoginTest.java:45)<br />
              sun.reflect.NativeMethodAccessorImpl.invoke0(Native Method)<br />
              sun.reflect.NativeMethodAccessorImpl.invoke(NativeMethodAccessorImpl.java:62)<br />
              sun.reflect.DelegatingMethodAccessorImpl.invoke(DelegatingMethodAccessorImpl.java:43)<br />
              java.lang.reflect.Method.invoke(Method.java:498)<br />
              org.testng.internal.MethodInvocationHelper.invokeMethod(MethodInvocationHelper.java:124)<br />
              org.testng.internal.Invoker.invokeMethod(Invoker.java:583)<br />
              org.testng.internal.Invoker.invokeTestMethod(Invoker.java:719)<br />
              org.testng.internal.Invoker.invokeTestMethods(Invoker.java:989)<br />
              org.testng.internal.TestMethodWorker.invokeTestMethods(TestMethodWorker.java:125)<br />
              org.testng.internal.TestMethodWorker.run(TestMethodWorker.java:109)<br />
              org.testng.TestRunner.privateRun(TestRunner.java:648)<br />
              org.testng.TestRunner.run(TestRunner.java:505)<br />
              org.testng.SuiteRunner.runTest(SuiteRunner.java:455)<br />
              org.testng.SuiteRunner.runSequentially(SuiteRunner.java:450)<br />
              org.testng.SuiteRunner.privateRun(SuiteRunner.java:415)<br />
              org.testng.SuiteRunner.run(SuiteRunner.java:364)<br />
              org.testng.SuiteRunnerWorker.runSuite(SuiteRunnerWorker.java:52)<br />
              org.testng.SuiteRunnerWorker.run(SuiteRunnerWorker.java:84)<br />
              org.testng.TestNG.runSuitesSequentially(TestNG.java:1208)<br />
              org.testng.TestNG.runSuitesLocally(TestNG.java:1137)<br />
              org.testng.TestNG.runSuites(TestNG.java:1049)<br />
              org.testng.TestNG.run(TestNG.java:1017)<br />
              com.intellij.rt.testng.IDEARemoteTestNG.run(IDEARemoteTestNG.java:66)<br />
              com.intellij.rt.testng.RemoteTestNGStarter.main(RemoteTestNGStarter.java:109)<br />
                </div>
      </td>
</tr>
<tr>
  <td class="method">
                  verifyUserShouldLoginSuccessFully
      </td>
  <td class="duration">
    2.152s
  </td>
  <td class="result">
        
    
            <div class="testOutput">
                         Enter User nameAdminto the Username[[ChromeDriver: chrome on WINDOWS (9cbd3a029541973d076c2e918bbbf9ac)] -&gt; xpath: //input[@id=&apos;txtUsername&apos;]]&lt;br&gt;<br />
                                 Enter passwordadmin123to the password[[ChromeDriver: chrome on WINDOWS (9cbd3a029541973d076c2e918bbbf9ac)] -&gt; xpath: //input[@id=&apos;txtPassword&apos;]]&lt;br&gt;<br />
                                 Click on Login Tab[[ChromeDriver: chrome on WINDOWS (9cbd3a029541973d076c2e918bbbf9ac)] -&gt; xpath: //input[@id=&apos;btnLogin&apos;]]&lt;br&gt;<br />
                  </div>
    

        <a href="javascript:toggleElement('exception-1', 'block')" title="Click to expand/collapse"><b>java.lang.AssertionError: The following asserts failed:<br/>
	expected [Welcome Paulabc] but found [Welcome Paul]</b></a><br />
    <div class="stackTrace" id="exception-1">
              org.testng.asserts.SoftAssert.assertAll(SoftAssert.java:43)<br />
              com.orangehrmlive.demo.testSuite.LoginTest.verifyUserShouldLoginSuccessFully(LoginTest.java:34)<br />
              sun.reflect.NativeMethodAccessorImpl.invoke0(Native Method)<br />
              sun.reflect.NativeMethodAccessorImpl.invoke(NativeMethodAccessorImpl.java:62)<br />
              sun.reflect.DelegatingMethodAccessorImpl.invoke(DelegatingMethodAccessorImpl.java:43)<br />
              java.lang.reflect.Method.invoke(Method.java:498)<br />
              org.testng.internal.MethodInvocationHelper.invokeMethod(MethodInvocationHelper.java:124)<br />
              org.testng.internal.Invoker.invokeMethod(Invoker.java:583)<br />
              org.testng.internal.Invoker.invokeTestMethod(Invoker.java:719)<br />
              org.testng.internal.Invoker.invokeTestMethods(Invoker.java:989)<br />
              org.testng.internal.TestMethodWorker.invokeTestMethods(TestMethodWorker.java:125)<br />
              org.testng.internal.TestMethodWorker.run(TestMethodWorker.java:109)<br />
              org.testng.TestRunner.privateRun(TestRunner.java:648)<br />
              org.testng.TestRunner.run(TestRunner.java:505)<br />
              org.testng.SuiteRunner.runTest(SuiteRunner.java:455)<br />
              org.testng.SuiteRunner.runSequentially(SuiteRunner.java:450)<br />
              org.testng.SuiteRunner.privateRun(SuiteRunner.java:415)<br />
              org.testng.SuiteRunner.run(SuiteRunner.java:364)<br />
              org.testng.SuiteRunnerWorker.runSuite(SuiteRunnerWorker.java:52)<br />
              org.testng.SuiteRunnerWorker.run(SuiteRunnerWorker.java:84)<br />
              org.testng.TestNG.runSuitesSequentially(TestNG.java:1208)<br />
              org.testng.TestNG.runSuitesLocally(TestNG.java:1137)<br />
              org.testng.TestNG.runSuites(TestNG.java:1049)<br />
              org.testng.TestNG.run(TestNG.java:1017)<br />
              com.intellij.rt.testng.IDEARemoteTestNG.run(IDEARemoteTestNG.java:66)<br />
              com.intellij.rt.testng.RemoteTestNGStarter.main(RemoteTestNGStarter.java:109)<br />
                </div>
      </td>
</tr>
      </table>


  <table class="resultsTable">
    <tr><th colspan="3" class="header passed">Passed Tests</th></tr>
          <tr>
        <td colspan="3" class="group">com.orangehrmlive.demo.testSuite.LoginTest</td>
      </tr>
            
<tr>
  <td class="method">
                  VerifyUserShouldLogOutSuccessFully
      </td>
  <td class="duration">
    3.192s
  </td>
  <td class="result">
        
    
            <div class="testOutput">
                         Enter User nameAdminto the Username[[ChromeDriver: chrome on WINDOWS (790e7065d1e4fb50f5a416e754e4ac15)] -&gt; xpath: //input[@id=&apos;txtUsername&apos;]]&lt;br&gt;<br />
                                 Enter passwordadmin123to the password[[ChromeDriver: chrome on WINDOWS (790e7065d1e4fb50f5a416e754e4ac15)] -&gt; xpath: //input[@id=&apos;txtPassword&apos;]]&lt;br&gt;<br />
                                 Click on Login Tab[[ChromeDriver: chrome on WINDOWS (790e7065d1e4fb50f5a416e754e4ac15)] -&gt; xpath: //input[@id=&apos;btnLogin&apos;]]&lt;br&gt;<br />
                                 Click on user Profile Logo Tab[[ChromeDriver: chrome on WINDOWS (790e7065d1e4fb50f5a416e754e4ac15)] -&gt; xpath: //a[@id=&apos;welcome&apos;]]&lt;br&gt;<br />
                                 Click on Logout Tab[[ChromeDriver: chrome on WINDOWS (790e7065d1e4fb50f5a416e754e4ac15)] -&gt; xpath: //a[contains(text(),&apos;Logout&apos;)]]&lt;br&gt;<br />
                  </div>
    

      </td>
</tr>
      </table>
  
</body>
</html>
